<?xml version="1.0" encoding="UTF-8"?>
<!-- Generated by org.testng.reporters.JUnitXMLReporter -->
<testsuite ignored="0" hostname="DESKTOP-J1LCO1R" failures="1" tests="1" name="Test" time="6.735" errors="0" timestamp="2025-12-24T14:08:15 IST">
  <testcase classname="testCases.TC_AccountRegistration" name="accountRegistration" time="2.677">
    <failure type="java.lang.AssertionError" message="expected [true] but found [false]">
      <![CDATA[java.lang.AssertionError: expected [true] but found [false]
at testCases.TC_AccountRegistration.accountRegistration(TC_AccountRegistration.java:55)
at java.base/java.util.ArrayList.forEach(ArrayList.java:1596)
... Removed 29 stack frames]]>
    </failure>
  </testcase> <!-- accountRegistration -->
</testsuite> <!-- Test -->
