<?xml version="1.0" encoding="UTF-8"?>
<!-- Generated by org.testng.reporters.JUnitReportReporter -->
<testsuite hostname="DESKTOP-J1LCO1R" failures="0" tests="2" name="testCases.TC_AccountRegistration" time="5.697" errors="0" timestamp="2025-12-24T20:27:50 IST" skipped="0">
  <testcase classname="testCases.TC_AccountRegistration" name="accountRegistration" time="3.692"/>
  <testcase classname="testCases.TC_AccountRegistration" name="accountRegistration" time="2.005"/>
</testsuite> <!-- testCases.TC_AccountRegistration -->
